<?xml version="1.0" encoding="UTF-8"?><testsuite failures="0" name="cucumber.runtime.formatter.JUnitFormatter" skipped="0" tests="5" time="73.955168">
<testcase classname="This is interaction testcase" name="User is click on the Sortable menu" time="17.238097">
<system-out><![CDATA[Given User navigates to the homepage........................................passed
When User validate to the home title "ToolsQA – Demo Website to Practice Automation – Demo Website to Practice Automation".passed
Given user is already on homepage as "Home".................................passed
When when user click on "Sortable"..........................................passed
Then user navigate to the page as "Sortable"................................passed
And user click on the "item1" of "Sortable".................................passed
And user close the browser..................................................passed
]]></system-out>
</testcase>
<testcase classname="This is interaction testcase" name="User is click on the Selectable menu" time="11.391767">
<system-out><![CDATA[Given User navigates to the homepage........................................passed
When User validate to the home title "ToolsQA – Demo Website to Practice Automation – Demo Website to Practice Automation".passed
Given user is already on homepage as "Home".................................passed
When when user click on "Selectable"........................................passed
Then user navigate to the page as "Selectable"..............................passed
And user click on the "Item4" of "Selectable"...............................passed
And user close the browser..................................................passed
]]></system-out>
</testcase>
<testcase classname="This is interaction testcase" name="User is click on the Resizable menu" time="12.755536">
<system-out><![CDATA[Given User navigates to the homepage........................................passed
When User validate to the home title "ToolsQA – Demo Website to Practice Automation – Demo Website to Practice Automation".passed
Given user is already on homepage as "Home".................................passed
When when user click on "Resizable".........................................passed
Then user navigate to the page as "Resizable"...............................passed
And user click on the "item1" of "Resizable"................................passed
And user close the browser..................................................passed
]]></system-out>
</testcase>
<testcase classname="This is interaction testcase" name="User is click on the Resizable menu" time="18.614672">
<system-out><![CDATA[Given User navigates to the homepage........................................passed
When User validate to the home title "ToolsQA – Demo Website to Practice Automation – Demo Website to Practice Automation".passed
Given user is already on homepage as "Home".................................passed
When when user click on "Droppable".........................................passed
Then user navigate to the page as "Droppable"...............................passed
And user click on the "item1" of "Droppable"................................passed
And user close the browser..................................................passed
]]></system-out>
</testcase>
<testcase classname="This is interaction testcase" name="User is click on the Resizable menu" time="13.955096">
<system-out><![CDATA[Given User navigates to the homepage........................................passed
When User validate to the home title "ToolsQA – Demo Website to Practice Automation – Demo Website to Practice Automation".passed
Given user is already on homepage as "Home".................................passed
When when user click on "Draggable".........................................passed
Then user navigate to the page as "Draggable"...............................passed
And user click on the "item1" of "Draggable"................................passed
And user close the browser..................................................passed
]]></system-out>
</testcase>
</testsuite>
