<?xml version="1.0" encoding="UTF-8"?>
<testng-results skipped="0" failed="0" ignored="0" total="1" passed="1">
  <reporter-output>
  </reporter-output>
  <suite name="Suite" duration-ms="74728" started-at="2019-06-02T04:17:22Z" finished-at="2019-06-02T04:18:37Z">
    <groups>
      <group name="cucumber">
        <method signature="AbstractTestNGCucumberTests.feature(cucumber.api.testng.CucumberFeatureWrapper)[pri:0, instance:runners.TestRunner@b4c3ab]" name="feature" class="cucumber.api.testng.AbstractTestNGCucumberTests"/>
      </group> <!-- cucumber -->
    </groups>
    <test name="Test" duration-ms="74728" started-at="2019-06-02T04:17:22Z" finished-at="2019-06-02T04:18:37Z">
      <class name="runners.TestRunner">
        <test-method status="PASS" signature="setUpClass()[pri:0, instance:runners.TestRunner@b4c3ab]" name="setUpClass" is-config="true" duration-ms="322" started-at="2019-06-02T09:47:22Z" finished-at="2019-06-02T09:47:22Z">
          <reporter-output>
          </reporter-output>
        </test-method> <!-- setUpClass -->
        <test-method status="PASS" signature="feature(cucumber.api.testng.CucumberFeatureWrapper)[pri:0, instance:runners.TestRunner@b4c3ab]" name="feature" duration-ms="74207" started-at="2019-06-02T09:47:22Z" description="Runs Cucumber Feature" data-provider="features" finished-at="2019-06-02T09:48:37Z">
          <params>
            <param index="0">
              <value>
                <![CDATA[This is interaction testcase]]>
              </value>
            </param>
          </params>
          <reporter-output>
          </reporter-output>
        </test-method> <!-- feature -->
        <test-method status="PASS" signature="tearDownClass()[pri:0, instance:runners.TestRunner@b4c3ab]" name="tearDownClass" is-config="true" duration-ms="76" started-at="2019-06-02T09:48:37Z" finished-at="2019-06-02T09:48:37Z">
          <reporter-output>
          </reporter-output>
        </test-method> <!-- tearDownClass -->
      </class> <!-- runners.TestRunner -->
    </test> <!-- Test -->
  </suite> <!-- Suite -->
</testng-results>
