<?xml version="1.0" encoding="UTF-8"?>
<testng-results skipped="0" failed="0" ignored="0" total="1" passed="1">
  <reporter-output>
  </reporter-output>
  <suite name="Suite" duration-ms="31688" started-at="2019-06-14T04:55:59Z" finished-at="2019-06-14T04:56:31Z">
    <groups>
      <group name="cucumber">
        <method signature="AbstractTestNGCucumberTests.feature(cucumber.api.testng.CucumberFeatureWrapper)[pri:0, instance:runners.TestRunner@190c9c3]" name="feature" class="cucumber.api.testng.AbstractTestNGCucumberTests"/>
      </group> <!-- cucumber -->
    </groups>
    <test name="Test" duration-ms="31688" started-at="2019-06-14T04:55:59Z" finished-at="2019-06-14T04:56:31Z">
      <class name="runners.TestRunner">
        <test-method status="PASS" signature="setUpClass()[pri:0, instance:runners.TestRunner@190c9c3]" name="setUpClass" is-config="true" duration-ms="295" started-at="2019-06-14T10:25:59Z" finished-at="2019-06-14T10:26:00Z">
          <reporter-output>
          </reporter-output>
        </test-method> <!-- setUpClass -->
        <test-method status="PASS" signature="setup()[pri:0, instance:runners.TestRunner@190c9c3]" name="setup" is-config="true" duration-ms="378" started-at="2019-06-14T10:26:00Z" finished-at="2019-06-14T10:26:00Z">
          <reporter-output>
          </reporter-output>
        </test-method> <!-- setup -->
        <test-method status="PASS" signature="feature(cucumber.api.testng.CucumberFeatureWrapper)[pri:0, instance:runners.TestRunner@190c9c3]" name="feature" duration-ms="30800" started-at="2019-06-14T10:26:00Z" description="Runs Cucumber Feature" data-provider="features" finished-at="2019-06-14T10:26:31Z">
          <params>
            <param index="0">
              <value>
                <![CDATA[This is widgets testcase]]>
              </value>
            </param>
          </params>
          <reporter-output>
          </reporter-output>
        </test-method> <!-- feature -->
        <test-method status="PASS" signature="tearDownClass()[pri:0, instance:runners.TestRunner@190c9c3]" name="tearDownClass" is-config="true" duration-ms="90" started-at="2019-06-14T10:26:31Z" finished-at="2019-06-14T10:26:31Z">
          <reporter-output>
          </reporter-output>
        </test-method> <!-- tearDownClass -->
      </class> <!-- runners.TestRunner -->
    </test> <!-- Test -->
  </suite> <!-- Suite -->
</testng-results>
