<?xml version="1.0" encoding="UTF-8"?>
<testng-results skipped="0" failed="0" ignored="0" total="1" passed="1">
  <reporter-output>
  </reporter-output>
  <suite name="Suite" duration-ms="30654" started-at="2019-06-12T07:01:10Z" finished-at="2019-06-12T07:01:41Z">
    <groups>
      <group name="cucumber">
        <method signature="AbstractTestNGCucumberTests.feature(cucumber.api.testng.CucumberFeatureWrapper)[pri:0, instance:runners.TestRunner@190c9c3]" name="feature" class="cucumber.api.testng.AbstractTestNGCucumberTests"/>
      </group> <!-- cucumber -->
    </groups>
    <test name="Test" duration-ms="30654" started-at="2019-06-12T07:01:10Z" finished-at="2019-06-12T07:01:41Z">
      <class name="runners.TestRunner">
        <test-method status="PASS" signature="setUpClass()[pri:0, instance:runners.TestRunner@190c9c3]" name="setUpClass" is-config="true" duration-ms="299" started-at="2019-06-12T12:31:10Z" finished-at="2019-06-12T12:31:11Z">
          <reporter-output>
          </reporter-output>
        </test-method> <!-- setUpClass -->
        <test-method status="PASS" signature="setup()[pri:0, instance:runners.TestRunner@190c9c3]" name="setup" is-config="true" duration-ms="310" started-at="2019-06-12T12:31:11Z" finished-at="2019-06-12T12:31:11Z">
          <reporter-output>
          </reporter-output>
        </test-method> <!-- setup -->
        <test-method status="PASS" signature="feature(cucumber.api.testng.CucumberFeatureWrapper)[pri:0, instance:runners.TestRunner@190c9c3]" name="feature" duration-ms="29807" started-at="2019-06-12T12:31:11Z" description="Runs Cucumber Feature" data-provider="features" finished-at="2019-06-12T12:31:41Z">
          <params>
            <param index="0">
              <value>
                <![CDATA[This is widgets testcase]]>
              </value>
            </param>
          </params>
          <reporter-output>
          </reporter-output>
        </test-method> <!-- feature -->
        <test-method status="PASS" signature="tearDownClass()[pri:0, instance:runners.TestRunner@190c9c3]" name="tearDownClass" is-config="true" duration-ms="114" started-at="2019-06-12T12:31:41Z" finished-at="2019-06-12T12:31:41Z">
          <reporter-output>
          </reporter-output>
        </test-method> <!-- tearDownClass -->
      </class> <!-- runners.TestRunner -->
    </test> <!-- Test -->
  </suite> <!-- Suite -->
</testng-results>
