<?xml version="1.0" encoding="UTF-8"?>
<testng-results skipped="0" failed="0" total="1" passed="1">
  <reporter-output>
  </reporter-output>
  <suite name="Suite" duration-ms="75641" started-at="2019-06-02T04:04:41Z" finished-at="2019-06-02T04:05:57Z">
    <groups>
      <group name="cucumber">
        <method signature="AbstractTestNGCucumberTests.feature(cucumber.api.testng.CucumberFeatureWrapper)[pri:0, instance:runners.TestRunner@1f70c54]" name="feature" class="cucumber.api.testng.AbstractTestNGCucumberTests"/>
      </group> <!-- cucumber -->
    </groups>
    <test name="Test" duration-ms="75641" started-at="2019-06-02T04:04:41Z" finished-at="2019-06-02T04:05:57Z">
      <class name="runners.TestRunner">
        <test-method status="PASS" signature="setUpClass()[pri:0, instance:runners.TestRunner@1f70c54]" name="setUpClass" is-config="true" duration-ms="507" started-at="2019-06-02T09:34:41Z" finished-at="2019-06-02T09:34:41Z">
          <reporter-output>
          </reporter-output>
        </test-method> <!-- setUpClass -->
        <test-method status="PASS" signature="feature(cucumber.api.testng.CucumberFeatureWrapper)[pri:0, instance:runners.TestRunner@1f70c54]" name="feature" duration-ms="73950" started-at="2019-06-02T09:34:42Z" description="Runs Cucumber Feature" data-provider="features" finished-at="2019-06-02T09:35:55Z">
          <params>
            <param index="0">
              <value>
                <![CDATA[This is interaction testcase]]>
              </value>
            </param>
          </params>
          <reporter-output>
          </reporter-output>
        </test-method> <!-- feature -->
        <test-method status="PASS" signature="tearDownClass()[pri:0, instance:runners.TestRunner@1f70c54]" name="tearDownClass" is-config="true" duration-ms="1019" started-at="2019-06-02T09:35:55Z" finished-at="2019-06-02T09:35:57Z">
          <reporter-output>
          </reporter-output>
        </test-method> <!-- tearDownClass -->
      </class> <!-- runners.TestRunner -->
    </test> <!-- Test -->
  </suite> <!-- Suite -->
</testng-results>
